<adaxml xmlns:xsi="http://www.w3.org/2001/XMLSchema-instance"
        xsi:noNamespaceSchemaLocation="../ada_schemas/ada_beschikbaarstellen_medicatiegegevens.xsd">
   <meta status="new" created-by="generated" last-update-by="generated"/>
   <data>
      <beschikbaarstellen_medicatiegegevens app="mp-mp93"
                                            shortName="beschikbaarstellen_medicatiegegevens"
                                            formName="medicatiegegevens"
                                            transactionRef="2.16.840.1.113883.2.4.3.11.60.20.77.4.374"
                                            transactionEffectiveDate="2022-06-30T00:00:00"
                                            prefix="mp-"
                                            language="nl-NL"
                                            title="Generated from HL7 FHIR medicatiegegevens"
                                            id="f575383c-dfa2-11ee-1532-020000000000">
         <patient>
            <naamgegevens>
               <ongestructureerde_naam value="B. XXX_Blik"/>
               <initialen value="B."/>
               <naamgebruik code="NL1"
                            codeSystem="2.16.840.1.113883.2.4.3.11.60.101.5.4"
                            displayName="Eigen geslachtsnaam"/>
               <geslachtsnaam>
                  <achternaam value="XXX_Blik"/>
               </geslachtsnaam>
            </naamgegevens>
            <identificatienummer nullFlavor="MSK" root="2.16.840.1.113883.2.4.6.3"/>
            <geboortedatum value="1963-10-13" datatype="datetime"/>
            <geslacht code="F" codeSystem="2.16.840.1.113883.5.1" displayName="Vrouw"/>
         </patient>
         <medicamenteuze_behandeling>
            <identificatie value="MBH_200_QA1" root="2.16.840.1.113883.2.4.3.11.999.77.1.1"/>
            <medicatieafspraak>
               <identificatie value="MBH_200_QA1_MA"
                              root="2.16.840.1.113883.2.4.3.11.999.77.16076005.1"/>
               <medicatieafspraak_datum_tijd value="2021-12-12T08:00:00+01:00" datatype="datetime"/>
               <gebruiksperiode>
                  <start_datum_tijd value="2021-12-12T00:00:00+01:00" datatype="datetime"/>
                  <eind_datum_tijd value="2022-01-10T23:59:59+01:00" datatype="datetime"/>
               </gebruiksperiode>
               <voorschrijver>
                  <zorgverlener value="urn-uuid-f5753970-dfa2-11ee-1532-020000000000"
                                datatype="reference"/>
               </voorschrijver>
               <afgesproken_geneesmiddel>
                  <farmaceutisch_product value="urn-uuid-f5753ea2-dfa2-11ee-1532-020000000000"
                                         datatype="reference"/>
               </afgesproken_geneesmiddel>
               <gebruiksinstructie>
                  <omschrijving value="Vanaf 12 dec 2021, tot en met 10 jan 2022, 2 maal per dag 1 stuk, oraal"/>
                  <toedieningsweg code="9"
                                  codeSystem="2.16.840.1.113883.2.4.4.9"
                                  codeSystemName="G-Standaard Toedieningswegen (tabel 7)"
                                  displayName="oraal"/>
                  <doseerinstructie>
                     <volgnummer value="1"/>
                     <dosering>
                        <keerdosis>
                           <aantal>
                              <nominale_waarde value="1"/>
                           </aantal>
                           <eenheid code="245"
                                    displayName="stuk"
                                    codeSystem="2.16.840.1.113883.2.4.4.1.900.2"
                                    codeSystemName="G-Standaard thesaurus basiseenheden"/>
                        </keerdosis>
                        <toedieningsschema>
                           <frequentie>
                              <aantal>
                                 <nominale_waarde value="2"/>
                              </aantal>
                              <tijdseenheid value="1" unit="dag"/>
                           </frequentie>
                        </toedieningsschema>
                     </dosering>
                  </doseerinstructie>
               </gebruiksinstructie>
            </medicatieafspraak>
            <verstrekkingsverzoek>
               <identificatie value="MBH_200_QA1_VV"
                              root="2.16.840.1.113883.2.4.3.11.999.77.52711000146108.1"/>
               <verstrekkingsverzoek_datum_tijd value="2021-12-12T08:00:00+01:00" datatype="datetime"/>
               <auteur>
                  <zorgverlener value="urn-uuid-f5753970-dfa2-11ee-1532-020000000000"
                                datatype="reference"/>
               </auteur>
               <te_verstrekken_geneesmiddel>
                  <farmaceutisch_product value="urn-uuid-f5753ea2-dfa2-11ee-1532-020000000000"
                                         datatype="reference"/>
               </te_verstrekken_geneesmiddel>
               <te_verstrekken_hoeveelheid>
                  <aantal value="60"/>
                  <eenheid code="245"
                           codeSystem="2.16.840.1.113883.2.4.4.1.900.2"
                           displayName="stuk"/>
               </te_verstrekken_hoeveelheid>
               <beoogd_verstrekker>
                  <zorgaanbieder datatype="reference"
                                 value="urn-uuid-f5753ae2-dfa2-11ee-1532-020000000000"/>
               </beoogd_verstrekker>
               <relatie_medicatieafspraak>
                  <identificatie value="MBH_200_QA1_MA"
                                 root="2.16.840.1.113883.2.4.3.11.999.77.16076005.1"/>
               </relatie_medicatieafspraak>
            </verstrekkingsverzoek>
            <toedieningsafspraak>
               <identificatie value="MBH_200_QA1_TA"
                              root="2.16.840.1.113883.2.4.3.11.999.77.422037009.1"/>
               <toedieningsafspraak_datum_tijd value="2021-12-12T09:00:00+01:00" datatype="datetime"/>
               <gebruiksperiode>
                  <start_datum_tijd value="2021-12-12T00:00:00+01:00" datatype="datetime"/>
                  <eind_datum_tijd value="2022-01-10T23:59:59+01:00" datatype="datetime"/>
               </gebruiksperiode>
               <verstrekker>
                  <zorgaanbieder datatype="reference"
                                 value="urn-uuid-f5753ae2-dfa2-11ee-1532-020000000000"/>
               </verstrekker>
               <geneesmiddel_bij_toedieningsafspraak>
                  <farmaceutisch_product datatype="reference"
                                         value="urn-uuid-f5753ec0-dfa2-11ee-1532-020000000000"/>
               </geneesmiddel_bij_toedieningsafspraak>
               <gebruiksinstructie>
                  <omschrijving value="Vanaf 12 dec 2021, tot en met 10 jan 2022, 2 maal per dag 1 stuk, oraal"/>
                  <toedieningsweg code="9"
                                  codeSystem="2.16.840.1.113883.2.4.4.9"
                                  codeSystemName="G-Standaard Toedieningswegen (tabel 7)"
                                  displayName="oraal"/>
                  <doseerinstructie>
                     <volgnummer value="1"/>
                     <dosering>
                        <keerdosis>
                           <aantal>
                              <nominale_waarde value="1"/>
                           </aantal>
                           <eenheid code="245"
                                    displayName="stuk"
                                    codeSystem="2.16.840.1.113883.2.4.4.1.900.2"
                                    codeSystemName="G-Standaard thesaurus basiseenheden"/>
                        </keerdosis>
                        <toedieningsschema>
                           <frequentie>
                              <aantal>
                                 <nominale_waarde value="2"/>
                              </aantal>
                              <tijdseenheid value="1" unit="dag"/>
                           </frequentie>
                        </toedieningsschema>
                     </dosering>
                  </doseerinstructie>
               </gebruiksinstructie>
               <relatie_medicatieafspraak>
                  <identificatie value="MBH_200_QA1_MA"
                                 root="2.16.840.1.113883.2.4.3.11.999.77.16076005.1"/>
               </relatie_medicatieafspraak>
            </toedieningsafspraak>
            <medicatieverstrekking>
               <identificatie value="MBH_200_QA1_MVE"
                              root="2.16.840.1.113883.2.4.3.11.999.77.373784005.1"/>
               <medicatieverstrekkings_datum_tijd datatype="datetime" value="2021-12-12T09:00:00+01:00"/>
               <verstrekker>
                  <zorgaanbieder datatype="reference"
                                 value="urn-uuid-f5753ae2-dfa2-11ee-1532-020000000000"/>
               </verstrekker>
               <verstrekte_hoeveelheid>
                  <aantal value="60"/>
                  <eenheid code="245"
                           codeSystem="2.16.840.1.113883.2.4.4.1.900.2"
                           displayName="stuk"/>
               </verstrekte_hoeveelheid>
               <verstrekt_geneesmiddel>
                  <farmaceutisch_product value="urn-uuid-f5753ec0-dfa2-11ee-1532-020000000000"
                                         datatype="reference"/>
               </verstrekt_geneesmiddel>
               <relatie_verstrekkingsverzoek>
                  <identificatie value="MBH_200_QA1_VV"
                                 root="2.16.840.1.113883.2.4.3.11.999.77.52711000146108.1"/>
               </relatie_verstrekkingsverzoek>
            </medicatieverstrekking>
            <medicatiegebruik>
               <identificatie value="MBH_200_QA1_MGB" root="2.16.840.1.113883.2.4.3.11.999.77.6.1"/>
               <medicatiegebruik_datum_tijd value="2021-12-31T10:04:23+01:00" datatype="datetime"/>
               <gebruik_indicator value="true"/>
               <volgens_afspraak_indicator value="true"/>
               <gebruiksperiode>
                  <start_datum_tijd value="2021-12-12T00:00:00+01:00" datatype="datetime"/>
                  <eind_datum_tijd value="2022-01-10T23:59:59+01:00" datatype="datetime"/>
               </gebruiksperiode>
               <gebruiksproduct>
                  <farmaceutisch_product value="urn-uuid-f5753ec0-dfa2-11ee-1532-020000000000"
                                         datatype="reference"/>
               </gebruiksproduct>
               <gebruiksinstructie>
                  <omschrijving value="Vanaf 12 dec 2021, tot en met 10 jan 2022, 2 maal per dag 1 stuk, oraal"/>
                  <toedieningsweg code="9"
                                  codeSystem="2.16.840.1.113883.2.4.4.9"
                                  codeSystemName="G-Standaard Toedieningswegen (tabel 7)"
                                  displayName="oraal"/>
                  <doseerinstructie>
                     <volgnummer value="1"/>
                     <dosering>
                        <keerdosis>
                           <aantal>
                              <nominale_waarde value="1"/>
                           </aantal>
                           <eenheid code="245"
                                    displayName="stuk"
                                    codeSystem="2.16.840.1.113883.2.4.4.1.900.2"
                                    codeSystemName="G-Standaard thesaurus basiseenheden"/>
                        </keerdosis>
                        <toedieningsschema>
                           <frequentie>
                              <aantal>
                                 <nominale_waarde value="2"/>
                              </aantal>
                              <tijdseenheid value="1" unit="dag"/>
                           </frequentie>
                        </toedieningsschema>
                     </dosering>
                  </doseerinstructie>
               </gebruiksinstructie>
               <relatie_toedieningsafspraak>
                  <identificatie value="MBH_200_QA1_TA"
                                 root="2.16.840.1.113883.2.4.3.11.999.77.422037009.1"/>
               </relatie_toedieningsafspraak>
               <voorschrijver>
                  <zorgverlener value="urn-uuid-f5753970-dfa2-11ee-1532-020000000000"
                                datatype="reference"/>
               </voorschrijver>
               <auteur>
                  <auteur_is_patient value="true"/>
               </auteur>
            </medicatiegebruik>
         </medicamenteuze_behandeling>
         <medicamenteuze_behandeling>
            <identificatie value="MBH_200_QA2" root="2.16.840.1.113883.2.4.3.11.999.77.1.1"/>
            <medicatieafspraak>
               <identificatie value="MBH_200_QA2_MA"
                              root="2.16.840.1.113883.2.4.3.11.999.77.16076005.1"/>
               <medicatieafspraak_datum_tijd value="2021-09-23T08:04:00+02:00" datatype="datetime"/>
               <gebruiksperiode>
                  <start_datum_tijd value="2021-09-23T00:00:00+02:00" datatype="datetime"/>
                  <eind_datum_tijd value="2021-10-21T23:59:59+02:00" datatype="datetime"/>
               </gebruiksperiode>
               <voorschrijver>
                  <zorgverlener value="urn-uuid-f5753970-dfa2-11ee-1532-020000000000"
                                datatype="reference"/>
               </voorschrijver>
               <afgesproken_geneesmiddel>
                  <farmaceutisch_product value="urn-uuid-f5753ede-dfa2-11ee-1532-020000000000"
                                         datatype="reference"/>
               </afgesproken_geneesmiddel>
               <gebruiksinstructie>
                  <omschrijving value="Vanaf 23 sep 2021, tot en met 21 okt 2021, 1 maal per dag 10 ml, oraal"/>
                  <toedieningsweg code="9"
                                  codeSystem="2.16.840.1.113883.2.4.4.9"
                                  codeSystemName="G-Standaard Toedieningswegen (tabel 7)"
                                  displayName="oraal"/>
                  <doseerinstructie>
                     <volgnummer value="1"/>
                     <dosering>
                        <keerdosis>
                           <aantal>
                              <nominale_waarde value="10"/>
                           </aantal>
                           <eenheid code="233"
                                    displayName="milliliter"
                                    codeSystem="2.16.840.1.113883.2.4.4.1.900.2"
                                    codeSystemName="G-Standaard thesaurus basiseenheden"/>
                        </keerdosis>
                        <toedieningsschema>
                           <frequentie>
                              <aantal>
                                 <nominale_waarde value="1"/>
                              </aantal>
                              <tijdseenheid value="1" unit="dag"/>
                           </frequentie>
                        </toedieningsschema>
                     </dosering>
                  </doseerinstructie>
               </gebruiksinstructie>
            </medicatieafspraak>
            <verstrekkingsverzoek>
               <identificatie value="MBH_200_QA2_VV"
                              root="2.16.840.1.113883.2.4.3.11.999.77.52711000146108.1"/>
               <verstrekkingsverzoek_datum_tijd value="2021-09-23T08:04:00+02:00" datatype="datetime"/>
               <auteur>
                  <zorgverlener value="urn-uuid-f5753970-dfa2-11ee-1532-020000000000"
                                datatype="reference"/>
               </auteur>
               <te_verstrekken_geneesmiddel>
                  <farmaceutisch_product value="urn-uuid-f5753ede-dfa2-11ee-1532-020000000000"
                                         datatype="reference"/>
               </te_verstrekken_geneesmiddel>
               <te_verstrekken_hoeveelheid>
                  <aantal value="300"/>
                  <eenheid code="233"
                           codeSystem="2.16.840.1.113883.2.4.4.1.900.2"
                           displayName="milliliter"/>
               </te_verstrekken_hoeveelheid>
               <beoogd_verstrekker>
                  <zorgaanbieder datatype="reference"
                                 value="urn-uuid-f5753ae2-dfa2-11ee-1532-020000000000"/>
               </beoogd_verstrekker>
               <relatie_medicatieafspraak>
                  <identificatie value="MBH_200_QA2_MA"
                                 root="2.16.840.1.113883.2.4.3.11.999.77.16076005.1"/>
               </relatie_medicatieafspraak>
            </verstrekkingsverzoek>
            <toedieningsafspraak>
               <identificatie value="MBH_200_QA2_TA"
                              root="2.16.840.1.113883.2.4.3.11.999.77.422037009.1"/>
               <toedieningsafspraak_datum_tijd value="2021-09-23T09:04:00+02:00" datatype="datetime"/>
               <gebruiksperiode>
                  <start_datum_tijd value="2021-09-23T00:00:00+02:00" datatype="datetime"/>
                  <eind_datum_tijd value="2021-10-21T23:59:59+02:00" datatype="datetime"/>
               </gebruiksperiode>
               <verstrekker>
                  <zorgaanbieder datatype="reference"
                                 value="urn-uuid-f5753ae2-dfa2-11ee-1532-020000000000"/>
               </verstrekker>
               <geneesmiddel_bij_toedieningsafspraak>
                  <farmaceutisch_product datatype="reference"
                                         value="urn-uuid-f5753efc-dfa2-11ee-1532-020000000000"/>
               </geneesmiddel_bij_toedieningsafspraak>
               <gebruiksinstructie>
                  <omschrijving value="Vanaf 23 sep 2021, tot en met 21 okt 2021, 1 maal per dag 10 ml, oraal"/>
                  <toedieningsweg code="9"
                                  codeSystem="2.16.840.1.113883.2.4.4.9"
                                  codeSystemName="G-Standaard Toedieningswegen (tabel 7)"
                                  displayName="oraal"/>
                  <doseerinstructie>
                     <volgnummer value="1"/>
                     <dosering>
                        <keerdosis>
                           <aantal>
                              <nominale_waarde value="10"/>
                           </aantal>
                           <eenheid code="233"
                                    displayName="milliliter"
                                    codeSystem="2.16.840.1.113883.2.4.4.1.900.2"
                                    codeSystemName="G-Standaard thesaurus basiseenheden"/>
                        </keerdosis>
                        <toedieningsschema>
                           <frequentie>
                              <aantal>
                                 <nominale_waarde value="1"/>
                              </aantal>
                              <tijdseenheid value="1" unit="dag"/>
                           </frequentie>
                        </toedieningsschema>
                     </dosering>
                  </doseerinstructie>
               </gebruiksinstructie>
               <relatie_medicatieafspraak>
                  <identificatie value="MBH_200_QA2_MA"
                                 root="2.16.840.1.113883.2.4.3.11.999.77.16076005.1"/>
               </relatie_medicatieafspraak>
            </toedieningsafspraak>
            <medicatieverstrekking>
               <identificatie value="MBH_200_QA2_MVE"
                              root="2.16.840.1.113883.2.4.3.11.999.77.373784005.1"/>
               <medicatieverstrekkings_datum_tijd datatype="datetime" value="2021-09-23T09:04:00+02:00"/>
               <verstrekker>
                  <zorgaanbieder datatype="reference"
                                 value="urn-uuid-f5753ae2-dfa2-11ee-1532-020000000000"/>
               </verstrekker>
               <verstrekte_hoeveelheid>
                  <aantal value="300"/>
                  <eenheid code="233"
                           codeSystem="2.16.840.1.113883.2.4.4.1.900.2"
                           displayName="milliliter"/>
               </verstrekte_hoeveelheid>
               <verstrekt_geneesmiddel>
                  <farmaceutisch_product value="urn-uuid-f5753efc-dfa2-11ee-1532-020000000000"
                                         datatype="reference"/>
               </verstrekt_geneesmiddel>
               <relatie_verstrekkingsverzoek>
                  <identificatie value="MBH_200_QA2_VV"
                                 root="2.16.840.1.113883.2.4.3.11.999.77.52711000146108.1"/>
               </relatie_verstrekkingsverzoek>
            </medicatieverstrekking>
            <medicatiegebruik>
               <identificatie value="MBH_200_QA2_MGB" root="2.16.840.1.113883.2.4.3.11.999.77.6.1"/>
               <medicatiegebruik_datum_tijd value="2021-10-25T12:13:55+02:00" datatype="datetime"/>
               <gebruik_indicator value="true"/>
               <volgens_afspraak_indicator value="true"/>
               <gebruiksperiode>
                  <start_datum_tijd value="2021-09-23T00:00:00+02:00" datatype="datetime"/>
                  <eind_datum_tijd value="2021-10-21T23:59:59+02:00" datatype="datetime"/>
               </gebruiksperiode>
               <gebruiksproduct>
                  <farmaceutisch_product value="urn-uuid-f5753efc-dfa2-11ee-1532-020000000000"
                                         datatype="reference"/>
               </gebruiksproduct>
               <gebruiksinstructie>
                  <omschrijving value="Vanaf 23 sep 2021, tot en met 21 okt 2021, 1 maal per dag 10 millimeter, oraal"/>
                  <toedieningsweg code="9"
                                  codeSystem="2.16.840.1.113883.2.4.4.9"
                                  codeSystemName="G-Standaard Toedieningswegen (tabel 7)"
                                  displayName="oraal"/>
                  <doseerinstructie>
                     <volgnummer value="1"/>
                     <dosering>
                        <keerdosis>
                           <aantal>
                              <nominale_waarde value="10"/>
                           </aantal>
                           <eenheid code="233"
                                    displayName="millimeter"
                                    codeSystem="2.16.840.1.113883.2.4.4.1.900.2"
                                    codeSystemName="G-Standaard thesaurus basiseenheden"/>
                        </keerdosis>
                        <toedieningsschema>
                           <frequentie>
                              <aantal>
                                 <nominale_waarde value="1"/>
                              </aantal>
                              <tijdseenheid value="1" unit="dag"/>
                           </frequentie>
                        </toedieningsschema>
                     </dosering>
                  </doseerinstructie>
               </gebruiksinstructie>
               <relatie_toedieningsafspraak>
                  <identificatie value="MBH_200_QA2_TA"
                                 root="2.16.840.1.113883.2.4.3.11.999.77.422037009.1"/>
               </relatie_toedieningsafspraak>
               <voorschrijver>
                  <zorgverlener value="urn-uuid-f5753970-dfa2-11ee-1532-020000000000"
                                datatype="reference"/>
               </voorschrijver>
               <auteur>
                  <auteur_is_patient value="true"/>
               </auteur>
            </medicatiegebruik>
         </medicamenteuze_behandeling>
         <medicamenteuze_behandeling>
            <identificatie value="MBH_200_QA3" root="2.16.840.1.113883.2.4.3.11.999.77.1.1"/>
            <medicatieafspraak>
               <identificatie value="MBH_200_QA3_MA"
                              root="2.16.840.1.113883.2.4.3.11.999.77.16076005.1"/>
               <medicatieafspraak_datum_tijd value="2021-11-12T08:10:00+01:00" datatype="datetime"/>
               <gebruiksperiode>
                  <start_datum_tijd value="2021-11-12T00:00:00+01:00" datatype="datetime"/>
                  <eind_datum_tijd value="2021-12-21T23:59:59+01:00" datatype="datetime"/>
               </gebruiksperiode>
               <voorschrijver>
                  <zorgverlener value="urn-uuid-f5753970-dfa2-11ee-1532-020000000000"
                                datatype="reference"/>
               </voorschrijver>
               <afgesproken_geneesmiddel>
                  <farmaceutisch_product value="urn-uuid-f5753f1a-dfa2-11ee-1532-020000000000"
                                         datatype="reference"/>
               </afgesproken_geneesmiddel>
               <gebruiksinstructie>
                  <omschrijving value="Vanaf 12 nov 2021, tot en met 21 dec 2021, 2 maal per dag 50 ml, oraal"/>
                  <toedieningsweg code="9"
                                  codeSystem="2.16.840.1.113883.2.4.4.9"
                                  codeSystemName="G-Standaard Toedieningswegen (tabel 7)"
                                  displayName="oraal"/>
                  <doseerinstructie>
                     <volgnummer value="1"/>
                     <dosering>
                        <keerdosis>
                           <aantal>
                              <nominale_waarde value="50"/>
                           </aantal>
                           <eenheid code="233"
                                    displayName="milliliter"
                                    codeSystem="2.16.840.1.113883.2.4.4.1.900.2"
                                    codeSystemName="G-Standaard thesaurus basiseenheden"/>
                        </keerdosis>
                        <toedieningsschema>
                           <frequentie>
                              <aantal>
                                 <nominale_waarde value="2"/>
                              </aantal>
                              <tijdseenheid value="1" unit="dag"/>
                           </frequentie>
                        </toedieningsschema>
                     </dosering>
                  </doseerinstructie>
               </gebruiksinstructie>
            </medicatieafspraak>
            <verstrekkingsverzoek>
               <identificatie value="MBH_200_QA3_VV"
                              root="2.16.840.1.113883.2.4.3.11.999.77.52711000146108.1"/>
               <verstrekkingsverzoek_datum_tijd value="2021-11-12T08:10:00+01:00" datatype="datetime"/>
               <auteur>
                  <zorgverlener value="urn-uuid-f5753970-dfa2-11ee-1532-020000000000"
                                datatype="reference"/>
               </auteur>
               <te_verstrekken_geneesmiddel>
                  <farmaceutisch_product value="urn-uuid-f5753f1a-dfa2-11ee-1532-020000000000"
                                         datatype="reference"/>
               </te_verstrekken_geneesmiddel>
               <te_verstrekken_hoeveelheid>
                  <aantal value="4000"/>
                  <eenheid code="233"
                           codeSystem="2.16.840.1.113883.2.4.4.1.900.2"
                           displayName="milliliter"/>
               </te_verstrekken_hoeveelheid>
               <beoogd_verstrekker>
                  <zorgaanbieder datatype="reference"
                                 value="urn-uuid-f5753ae2-dfa2-11ee-1532-020000000000"/>
               </beoogd_verstrekker>
               <relatie_medicatieafspraak>
                  <identificatie value="MBH_200_QA3_MA"
                                 root="2.16.840.1.113883.2.4.3.11.999.77.16076005.1"/>
               </relatie_medicatieafspraak>
            </verstrekkingsverzoek>
            <toedieningsafspraak>
               <identificatie value="MBH_200_QA3_TA"
                              root="2.16.840.1.113883.2.4.3.11.999.77.422037009.1"/>
               <toedieningsafspraak_datum_tijd value="2021-11-12T09:10:00+01:00" datatype="datetime"/>
               <gebruiksperiode>
                  <start_datum_tijd value="2021-11-12T00:00:00+01:00" datatype="datetime"/>
                  <eind_datum_tijd value="2021-12-21T23:59:59+01:00" datatype="datetime"/>
               </gebruiksperiode>
               <verstrekker>
                  <zorgaanbieder datatype="reference"
                                 value="urn-uuid-f5753ae2-dfa2-11ee-1532-020000000000"/>
               </verstrekker>
               <geneesmiddel_bij_toedieningsafspraak>
                  <farmaceutisch_product datatype="reference"
                                         value="urn-uuid-f5753f38-dfa2-11ee-1532-020000000000"/>
               </geneesmiddel_bij_toedieningsafspraak>
               <gebruiksinstructie>
                  <omschrijving value="Vanaf 12 nov 2021, tot en met 21 dec 2021, 2 maal per dag 50 ml, oraal"/>
                  <toedieningsweg code="9"
                                  codeSystem="2.16.840.1.113883.2.4.4.9"
                                  codeSystemName="G-Standaard Toedieningswegen (tabel 7)"
                                  displayName="oraal"/>
                  <doseerinstructie>
                     <volgnummer value="1"/>
                     <dosering>
                        <keerdosis>
                           <aantal>
                              <nominale_waarde value="50"/>
                           </aantal>
                           <eenheid code="233"
                                    displayName="milliliter"
                                    codeSystem="2.16.840.1.113883.2.4.4.1.900.2"
                                    codeSystemName="G-Standaard thesaurus basiseenheden"/>
                        </keerdosis>
                        <toedieningsschema>
                           <frequentie>
                              <aantal>
                                 <nominale_waarde value="2"/>
                              </aantal>
                              <tijdseenheid value="1" unit="dag"/>
                           </frequentie>
                        </toedieningsschema>
                     </dosering>
                  </doseerinstructie>
               </gebruiksinstructie>
               <relatie_medicatieafspraak>
                  <identificatie value="MBH_200_QA3_MA"
                                 root="2.16.840.1.113883.2.4.3.11.999.77.16076005.1"/>
               </relatie_medicatieafspraak>
            </toedieningsafspraak>
            <medicatieverstrekking>
               <identificatie value="MBH_200_QA3_MVE"
                              root="2.16.840.1.113883.2.4.3.11.999.77.373784005.1"/>
               <medicatieverstrekkings_datum_tijd datatype="datetime" value="2021-11-12T09:10:00+01:00"/>
               <verstrekker>
                  <zorgaanbieder datatype="reference"
                                 value="urn-uuid-f5753ae2-dfa2-11ee-1532-020000000000"/>
               </verstrekker>
               <verstrekte_hoeveelheid>
                  <aantal value="4000"/>
                  <eenheid code="233"
                           codeSystem="2.16.840.1.113883.2.4.4.1.900.2"
                           displayName="milliliter"/>
               </verstrekte_hoeveelheid>
               <verstrekt_geneesmiddel>
                  <farmaceutisch_product value="urn-uuid-f5753f38-dfa2-11ee-1532-020000000000"
                                         datatype="reference"/>
               </verstrekt_geneesmiddel>
               <relatie_verstrekkingsverzoek>
                  <identificatie value="MBH_200_QA3_VV"
                                 root="2.16.840.1.113883.2.4.3.11.999.77.52711000146108.1"/>
               </relatie_verstrekkingsverzoek>
            </medicatieverstrekking>
            <medicatiegebruik>
               <identificatie value="MBH_200_QA3_MGB" root="2.16.840.1.113883.2.4.3.11.999.77.6.1"/>
               <medicatiegebruik_datum_tijd value="2021-12-23T07:59:59+01:00" datatype="datetime"/>
               <gebruik_indicator value="true"/>
               <volgens_afspraak_indicator value="true"/>
               <gebruiksperiode>
                  <start_datum_tijd value="2021-11-12T00:00:00+01:00" datatype="datetime"/>
                  <eind_datum_tijd value="2021-12-21T23:59:59+01:00" datatype="datetime"/>
               </gebruiksperiode>
               <gebruiksproduct>
                  <farmaceutisch_product value="urn-uuid-f5753f38-dfa2-11ee-1532-020000000000"
                                         datatype="reference"/>
               </gebruiksproduct>
               <gebruiksinstructie>
                  <omschrijving value="Vanaf 12 nov 2021, tot en met 21 dec 2021, 2 maal per dag 50 ml, oraal"/>
                  <toedieningsweg code="9"
                                  codeSystem="2.16.840.1.113883.2.4.4.9"
                                  codeSystemName="G-Standaard Toedieningswegen (tabel 7)"
                                  displayName="oraal"/>
                  <doseerinstructie>
                     <volgnummer value="1"/>
                     <dosering>
                        <keerdosis>
                           <aantal>
                              <nominale_waarde value="50"/>
                           </aantal>
                           <eenheid code="233"
                                    displayName="milliliter"
                                    codeSystem="2.16.840.1.113883.2.4.4.1.900.2"
                                    codeSystemName="G-Standaard thesaurus basiseenheden"/>
                        </keerdosis>
                        <toedieningsschema>
                           <frequentie>
                              <aantal>
                                 <nominale_waarde value="2"/>
                              </aantal>
                              <tijdseenheid value="1" unit="dag"/>
                           </frequentie>
                        </toedieningsschema>
                     </dosering>
                  </doseerinstructie>
               </gebruiksinstructie>
               <relatie_medicatieafspraak>
                  <identificatie value="MBH_200_QA3_MA"
                                 root="2.16.840.1.113883.2.4.3.11.999.77.16076005.1"/>
               </relatie_medicatieafspraak>
               <relatie_toedieningsafspraak>
                  <identificatie value="MBH_200_QA3_TA"
                                 root="2.16.840.1.113883.2.4.3.11.999.77.422037009.1"/>
               </relatie_toedieningsafspraak>
               <voorschrijver>
                  <zorgverlener value="urn-uuid-f5753970-dfa2-11ee-1532-020000000000"
                                datatype="reference"/>
               </voorschrijver>
               <auteur>
                  <auteur_is_zorgverlener>
                     <zorgverlener datatype="reference"
                                   value="urn-uuid-f5753970-dfa2-11ee-1532-020000000000"/>
                  </auteur_is_zorgverlener>
               </auteur>
            </medicatiegebruik>
         </medicamenteuze_behandeling>
         <medicamenteuze_behandeling>
            <identificatie value="MBH_200_QA4" root="2.16.840.1.113883.2.4.3.11.999.77.1.1"/>
            <medicatieafspraak>
               <identificatie value="MBH_200_QA4_MA"
                              root="2.16.840.1.113883.2.4.3.11.999.77.16076005.1"/>
               <medicatieafspraak_datum_tijd value="2021-12-22T08:12:00+01:00" datatype="datetime"/>
               <gebruiksperiode>
                  <start_datum_tijd value="2021-12-22T00:00:00+01:00" datatype="datetime"/>
                  <eind_datum_tijd value="2022-01-20T23:59:59+01:00" datatype="datetime"/>
               </gebruiksperiode>
               <voorschrijver>
                  <zorgverlener value="urn-uuid-f5753970-dfa2-11ee-1532-020000000000"
                                datatype="reference"/>
               </voorschrijver>
               <afgesproken_geneesmiddel>
                  <farmaceutisch_product value="urn-uuid-f5753f56-dfa2-11ee-1532-020000000000"
                                         datatype="reference"/>
               </afgesproken_geneesmiddel>
               <gebruiksinstructie>
                  <omschrijving value="Vanaf 22 dec 2021, tot en met 20 jan 2022, 1 maal per dag 1 stuk, oraal"/>
                  <toedieningsweg code="9"
                                  codeSystem="2.16.840.1.113883.2.4.4.9"
                                  codeSystemName="G-Standaard Toedieningswegen (tabel 7)"
                                  displayName="oraal"/>
                  <doseerinstructie>
                     <volgnummer value="1"/>
                     <dosering>
                        <keerdosis>
                           <aantal>
                              <nominale_waarde value="1"/>
                           </aantal>
                           <eenheid code="245"
                                    displayName="stuk"
                                    codeSystem="2.16.840.1.113883.2.4.4.1.900.2"
                                    codeSystemName="G-Standaard thesaurus basiseenheden"/>
                        </keerdosis>
                        <toedieningsschema>
                           <frequentie>
                              <aantal>
                                 <nominale_waarde value="1"/>
                              </aantal>
                              <tijdseenheid value="1" unit="dag"/>
                           </frequentie>
                        </toedieningsschema>
                     </dosering>
                  </doseerinstructie>
               </gebruiksinstructie>
            </medicatieafspraak>
            <verstrekkingsverzoek>
               <identificatie value="MBH_200_QA4_VV"
                              root="2.16.840.1.113883.2.4.3.11.999.77.52711000146108.1"/>
               <verstrekkingsverzoek_datum_tijd value="2021-12-22T08:12:00+01:00" datatype="datetime"/>
               <auteur>
                  <zorgverlener value="urn-uuid-f5753970-dfa2-11ee-1532-020000000000"
                                datatype="reference"/>
               </auteur>
               <te_verstrekken_geneesmiddel>
                  <farmaceutisch_product value="urn-uuid-f5753f56-dfa2-11ee-1532-020000000000"
                                         datatype="reference"/>
               </te_verstrekken_geneesmiddel>
               <te_verstrekken_hoeveelheid>
                  <aantal value="30"/>
                  <eenheid code="245"
                           codeSystem="2.16.840.1.113883.2.4.4.1.900.2"
                           displayName="stuk"/>
               </te_verstrekken_hoeveelheid>
               <beoogd_verstrekker>
                  <zorgaanbieder datatype="reference"
                                 value="urn-uuid-f5753ae2-dfa2-11ee-1532-020000000000"/>
               </beoogd_verstrekker>
               <relatie_medicatieafspraak>
                  <identificatie value="MBH_200_QA4_MA"
                                 root="2.16.840.1.113883.2.4.3.11.999.77.16076005.1"/>
               </relatie_medicatieafspraak>
            </verstrekkingsverzoek>
            <toedieningsafspraak>
               <identificatie value="MBH_200_QA4_TA"
                              root="2.16.840.1.113883.2.4.3.11.999.77.422037009.1"/>
               <toedieningsafspraak_datum_tijd value="2021-12-22T09:12:00+01:00" datatype="datetime"/>
               <gebruiksperiode>
                  <start_datum_tijd value="2021-12-22T00:00:00+01:00" datatype="datetime"/>
                  <eind_datum_tijd value="2022-01-20T23:59:59+01:00" datatype="datetime"/>
               </gebruiksperiode>
               <verstrekker>
                  <zorgaanbieder datatype="reference"
                                 value="urn-uuid-f5753ae2-dfa2-11ee-1532-020000000000"/>
               </verstrekker>
               <geneesmiddel_bij_toedieningsafspraak>
                  <farmaceutisch_product datatype="reference"
                                         value="urn-uuid-f5753f74-dfa2-11ee-1532-020000000000"/>
               </geneesmiddel_bij_toedieningsafspraak>
               <gebruiksinstructie>
                  <omschrijving value="Vanaf 22 dec 2021, tot en met 20 jan 2022, 1 maal per dag 1 stuk, oraal"/>
                  <toedieningsweg code="9"
                                  codeSystem="2.16.840.1.113883.2.4.4.9"
                                  codeSystemName="G-Standaard Toedieningswegen (tabel 7)"
                                  displayName="oraal"/>
                  <doseerinstructie>
                     <volgnummer value="1"/>
                     <dosering>
                        <keerdosis>
                           <aantal>
                              <nominale_waarde value="1"/>
                           </aantal>
                           <eenheid code="245"
                                    displayName="stuk"
                                    codeSystem="2.16.840.1.113883.2.4.4.1.900.2"
                                    codeSystemName="G-Standaard thesaurus basiseenheden"/>
                        </keerdosis>
                        <toedieningsschema>
                           <frequentie>
                              <aantal>
                                 <nominale_waarde value="1"/>
                              </aantal>
                              <tijdseenheid value="1" unit="dag"/>
                           </frequentie>
                        </toedieningsschema>
                     </dosering>
                  </doseerinstructie>
               </gebruiksinstructie>
               <relatie_medicatieafspraak>
                  <identificatie value="MBH_200_QA4_MA"
                                 root="2.16.840.1.113883.2.4.3.11.999.77.16076005.1"/>
               </relatie_medicatieafspraak>
            </toedieningsafspraak>
            <medicatieverstrekking>
               <identificatie value="MBH_200_QA4_MVE"
                              root="2.16.840.1.113883.2.4.3.11.999.77.373784005.1"/>
               <medicatieverstrekkings_datum_tijd datatype="datetime" value="2021-12-22T09:12:00+01:00"/>
               <verstrekker>
                  <zorgaanbieder datatype="reference"
                                 value="urn-uuid-f5753ae2-dfa2-11ee-1532-020000000000"/>
               </verstrekker>
               <verstrekte_hoeveelheid>
                  <aantal value="30"/>
                  <eenheid code="245"
                           codeSystem="2.16.840.1.113883.2.4.4.1.900.2"
                           displayName="stuk"/>
               </verstrekte_hoeveelheid>
               <verstrekt_geneesmiddel>
                  <farmaceutisch_product value="urn-uuid-f5753f74-dfa2-11ee-1532-020000000000"
                                         datatype="reference"/>
               </verstrekt_geneesmiddel>
               <relatie_verstrekkingsverzoek>
                  <identificatie value="MBH_200_QA4_VV"
                                 root="2.16.840.1.113883.2.4.3.11.999.77.52711000146108.1"/>
               </relatie_verstrekkingsverzoek>
            </medicatieverstrekking>
            <medicatiegebruik>
               <identificatie value="MBH_200_QA4_MGB" root="2.16.840.1.113883.2.4.3.11.999.77.6.1"/>
               <medicatiegebruik_datum_tijd value="2021-12-30T08:12:00+01:00" datatype="datetime"/>
               <gebruik_indicator value="true"/>
               <volgens_afspraak_indicator value="true"/>
               <gebruiksperiode>
                  <start_datum_tijd value="2021-12-22T00:00:00+01:00" datatype="datetime"/>
                  <eind_datum_tijd value="2022-01-20T23:59:59+01:00" datatype="datetime"/>
               </gebruiksperiode>
               <gebruiksproduct>
                  <farmaceutisch_product value="urn-uuid-f5753f56-dfa2-11ee-1532-020000000000"
                                         datatype="reference"/>
               </gebruiksproduct>
               <gebruiksinstructie>
                  <omschrijving value="Vanaf 22 dec 2021, tot en met 20 jan 2022, 1 maal per dag 1 stuk, oraal"/>
                  <toedieningsweg code="9"
                                  codeSystem="2.16.840.1.113883.2.4.4.9"
                                  codeSystemName="G-Standaard Toedieningswegen (tabel 7)"
                                  displayName="oraal"/>
                  <doseerinstructie>
                     <volgnummer value="1"/>
                     <dosering>
                        <keerdosis>
                           <aantal>
                              <nominale_waarde value="1"/>
                           </aantal>
                           <eenheid code="245"
                                    displayName="stuk"
                                    codeSystem="2.16.840.1.113883.2.4.4.1.900.2"
                                    codeSystemName="G-Standaard thesaurus basiseenheden"/>
                        </keerdosis>
                        <toedieningsschema>
                           <frequentie>
                              <aantal>
                                 <nominale_waarde value="1"/>
                              </aantal>
                              <tijdseenheid value="1" unit="dag"/>
                           </frequentie>
                        </toedieningsschema>
                     </dosering>
                  </doseerinstructie>
               </gebruiksinstructie>
               <relatie_medicatieafspraak>
                  <identificatie value="MBH_200_QA4_MA"
                                 root="2.16.840.1.113883.2.4.3.11.999.77.16076005.1"/>
               </relatie_medicatieafspraak>
               <voorschrijver>
                  <zorgverlener value="urn-uuid-f5753970-dfa2-11ee-1532-020000000000"
                                datatype="reference"/>
               </voorschrijver>
               <informant>
                  <informant_is_patient value="true"/>
               </informant>
               <auteur>
                  <auteur_is_zorgverlener>
                     <zorgverlener datatype="reference"
                                   value="urn-uuid-f57539c0-dfa2-11ee-1532-020000000000"/>
                  </auteur_is_zorgverlener>
               </auteur>
            </medicatiegebruik>
         </medicamenteuze_behandeling>
         <medicamenteuze_behandeling>
            <identificatie value="MBH_200_QA5" root="2.16.840.1.113883.2.4.3.11.999.77.1.1"/>
            <medicatieafspraak>
               <identificatie value="MBH_200_QA5_MA"
                              root="2.16.840.1.113883.2.4.3.11.999.77.16076005.1"/>
               <medicatieafspraak_datum_tijd value="2021-11-12T08:15:00+01:00" datatype="datetime"/>
               <gebruiksperiode>
                  <start_datum_tijd value="2021-11-12T00:00:00+01:00" datatype="datetime"/>
                  <tijds_duur value="7" unit="dag"/>
               </gebruiksperiode>
               <voorschrijver>
                  <zorgverlener value="urn-uuid-f5753970-dfa2-11ee-1532-020000000000"
                                datatype="reference"/>
               </voorschrijver>
               <afgesproken_geneesmiddel>
                  <farmaceutisch_product value="urn-uuid-f5753f92-dfa2-11ee-1532-020000000000"
                                         datatype="reference"/>
               </afgesproken_geneesmiddel>
               <gebruiksinstructie>
                  <omschrijving value="Vanaf 12 nov 2021, gedurende 7 dagen, 4 maal per dag 2 stuks, oraal"/>
                  <toedieningsweg code="9"
                                  codeSystem="2.16.840.1.113883.2.4.4.9"
                                  codeSystemName="G-Standaard Toedieningswegen (tabel 7)"
                                  displayName="oraal"/>
                  <doseerinstructie>
                     <volgnummer value="1"/>
                     <dosering>
                        <keerdosis>
                           <aantal>
                              <nominale_waarde value="2"/>
                           </aantal>
                           <eenheid code="245"
                                    displayName="stuk"
                                    codeSystem="2.16.840.1.113883.2.4.4.1.900.2"
                                    codeSystemName="G-Standaard thesaurus basiseenheden"/>
                        </keerdosis>
                        <toedieningsschema>
                           <frequentie>
                              <aantal>
                                 <nominale_waarde value="4"/>
                              </aantal>
                              <tijdseenheid value="1" unit="dag"/>
                           </frequentie>
                        </toedieningsschema>
                     </dosering>
                  </doseerinstructie>
               </gebruiksinstructie>
            </medicatieafspraak>
            <verstrekkingsverzoek>
               <identificatie value="MBH_200_QA5_VV"
                              root="2.16.840.1.113883.2.4.3.11.999.77.52711000146108.1"/>
               <verstrekkingsverzoek_datum_tijd value="2021-11-12T08:15:00+01:00" datatype="datetime"/>
               <auteur>
                  <zorgverlener value="urn-uuid-f5753970-dfa2-11ee-1532-020000000000"
                                datatype="reference"/>
               </auteur>
               <te_verstrekken_geneesmiddel>
                  <farmaceutisch_product value="urn-uuid-f5753f92-dfa2-11ee-1532-020000000000"
                                         datatype="reference"/>
               </te_verstrekken_geneesmiddel>
               <te_verstrekken_hoeveelheid>
                  <aantal value="56"/>
                  <eenheid code="245"
                           codeSystem="2.16.840.1.113883.2.4.4.1.900.2"
                           displayName="stuk"/>
               </te_verstrekken_hoeveelheid>
               <beoogd_verstrekker>
                  <zorgaanbieder datatype="reference"
                                 value="urn-uuid-f5753ae2-dfa2-11ee-1532-020000000000"/>
               </beoogd_verstrekker>
               <relatie_medicatieafspraak>
                  <identificatie value="MBH_200_QA5_MA"
                                 root="2.16.840.1.113883.2.4.3.11.999.77.16076005.1"/>
               </relatie_medicatieafspraak>
            </verstrekkingsverzoek>
            <toedieningsafspraak>
               <identificatie value="MBH_200_QA5_TA"
                              root="2.16.840.1.113883.2.4.3.11.999.77.422037009.1"/>
               <toedieningsafspraak_datum_tijd value="2021-11-12T09:15:00+01:00" datatype="datetime"/>
               <gebruiksperiode>
                  <start_datum_tijd value="2021-11-12T00:00:00+01:00" datatype="datetime"/>
                  <tijds_duur value="7" unit="dag"/>
               </gebruiksperiode>
               <verstrekker>
                  <zorgaanbieder datatype="reference"
                                 value="urn-uuid-f5753ae2-dfa2-11ee-1532-020000000000"/>
               </verstrekker>
               <geneesmiddel_bij_toedieningsafspraak>
                  <farmaceutisch_product datatype="reference"
                                         value="urn-uuid-f5753fb0-dfa2-11ee-1532-020000000000"/>
               </geneesmiddel_bij_toedieningsafspraak>
               <gebruiksinstructie>
                  <omschrijving value="Vanaf 12 nov 2021, gedurende 7 dagen, 4 maal per dag 2 stuks, oraal"/>
                  <toedieningsweg code="9"
                                  codeSystem="2.16.840.1.113883.2.4.4.9"
                                  codeSystemName="G-Standaard Toedieningswegen (tabel 7)"
                                  displayName="oraal"/>
                  <doseerinstructie>
                     <volgnummer value="1"/>
                     <dosering>
                        <keerdosis>
                           <aantal>
                              <nominale_waarde value="2"/>
                           </aantal>
                           <eenheid code="245"
                                    displayName="stuk"
                                    codeSystem="2.16.840.1.113883.2.4.4.1.900.2"
                                    codeSystemName="G-Standaard thesaurus basiseenheden"/>
                        </keerdosis>
                        <toedieningsschema>
                           <frequentie>
                              <aantal>
                                 <nominale_waarde value="4"/>
                              </aantal>
                              <tijdseenheid value="1" unit="dag"/>
                           </frequentie>
                        </toedieningsschema>
                     </dosering>
                  </doseerinstructie>
               </gebruiksinstructie>
               <relatie_medicatieafspraak>
                  <identificatie value="MBH_200_QA5_MA"
                                 root="2.16.840.1.113883.2.4.3.11.999.77.16076005.1"/>
               </relatie_medicatieafspraak>
            </toedieningsafspraak>
            <medicatieverstrekking>
               <identificatie value="MBH_200_QA5_MVE"
                              root="2.16.840.1.113883.2.4.3.11.999.77.373784005.1"/>
               <medicatieverstrekkings_datum_tijd datatype="datetime" value="2021-11-12T09:15:00+01:00"/>
               <verstrekker>
                  <zorgaanbieder datatype="reference"
                                 value="urn-uuid-f5753ae2-dfa2-11ee-1532-020000000000"/>
               </verstrekker>
               <verstrekte_hoeveelheid>
                  <aantal value="56"/>
                  <eenheid code="245"
                           codeSystem="2.16.840.1.113883.2.4.4.1.900.2"
                           displayName="stuk"/>
               </verstrekte_hoeveelheid>
               <verstrekt_geneesmiddel>
                  <farmaceutisch_product value="urn-uuid-f5753fb0-dfa2-11ee-1532-020000000000"
                                         datatype="reference"/>
               </verstrekt_geneesmiddel>
               <relatie_verstrekkingsverzoek>
                  <identificatie value="MBH_200_QA5_VV"
                                 root="2.16.840.1.113883.2.4.3.11.999.77.52711000146108.1"/>
               </relatie_verstrekkingsverzoek>
            </medicatieverstrekking>
            <medicatiegebruik>
               <identificatie value="MBH_200_QA5_MGB" root="2.16.840.1.113883.2.4.3.11.999.77.6.1"/>
               <medicatiegebruik_datum_tijd value="2021-11-19T08:00:00+01:00" datatype="datetime"/>
               <gebruik_indicator value="true"/>
               <volgens_afspraak_indicator value="true"/>
               <gebruiksperiode>
                  <start_datum_tijd value="2021-11-12T00:00:00+01:00" datatype="datetime"/>
                  <tijds_duur value="7" unit="dag"/>
               </gebruiksperiode>
               <gebruiksproduct>
                  <farmaceutisch_product value="urn-uuid-f5753fb0-dfa2-11ee-1532-020000000000"
                                         datatype="reference"/>
               </gebruiksproduct>
               <gebruiksinstructie>
                  <omschrijving value="Vanaf 12 nov 2021, gedurende 7 dagen, 4 maal per dag 2 stuks, oraal"/>
                  <toedieningsweg code="9"
                                  codeSystem="2.16.840.1.113883.2.4.4.9"
                                  codeSystemName="G-Standaard Toedieningswegen (tabel 7)"
                                  displayName="oraal"/>
                  <doseerinstructie>
                     <volgnummer value="1"/>
                     <dosering>
                        <keerdosis>
                           <aantal>
                              <nominale_waarde value="2"/>
                           </aantal>
                           <eenheid code="245"
                                    displayName="stuk"
                                    codeSystem="2.16.840.1.113883.2.4.4.1.900.2"
                                    codeSystemName="G-Standaard thesaurus basiseenheden"/>
                        </keerdosis>
                        <toedieningsschema>
                           <frequentie>
                              <aantal>
                                 <nominale_waarde value="4"/>
                              </aantal>
                              <tijdseenheid value="1" unit="dag"/>
                           </frequentie>
                        </toedieningsschema>
                     </dosering>
                  </doseerinstructie>
               </gebruiksinstructie>
               <relatie_toedieningsafspraak>
                  <identificatie value="MBH_200_QA5_TA"
                                 root="2.16.840.1.113883.2.4.3.11.999.77.422037009.1"/>
               </relatie_toedieningsafspraak>
               <voorschrijver>
                  <zorgverlener value="urn-uuid-f5753970-dfa2-11ee-1532-020000000000"
                                datatype="reference"/>
               </voorschrijver>
               <informant>
                  <informant_is_patient value="true"/>
               </informant>
               <auteur>
                  <auteur_is_zorgverlener>
                     <zorgverlener datatype="reference"
                                   value="urn-uuid-f5753970-dfa2-11ee-1532-020000000000"/>
                  </auteur_is_zorgverlener>
               </auteur>
            </medicatiegebruik>
         </medicamenteuze_behandeling>
         <medicamenteuze_behandeling>
            <identificatie value="MBH_200_QA6" root="2.16.840.1.113883.2.4.3.11.999.77.1.1"/>
            <medicatieafspraak>
               <identificatie value="MBH_200_QA6_MA"
                              root="2.16.840.1.113883.2.4.3.11.999.77.16076005.1"/>
               <medicatieafspraak_datum_tijd value="2021-12-27T08:18:00+01:00" datatype="datetime"/>
               <gebruiksperiode>
                  <start_datum_tijd value="2021-12-27T00:00:00+01:00" datatype="datetime"/>
                  <eind_datum_tijd value="2022-01-02T23:59:59+01:00" datatype="datetime"/>
               </gebruiksperiode>
               <voorschrijver>
                  <zorgverlener value="urn-uuid-f5753970-dfa2-11ee-1532-020000000000"
                                datatype="reference"/>
               </voorschrijver>
               <afgesproken_geneesmiddel>
                  <farmaceutisch_product value="urn-uuid-f5753fce-dfa2-11ee-1532-020000000000"
                                         datatype="reference"/>
               </afgesproken_geneesmiddel>
               <gebruiksinstructie>
                  <omschrijving value="Vanaf 27 dec 2021, tot en met 2 jan 2022, 3 maal per dag 1 stuk, oraal"/>
                  <toedieningsweg code="9"
                                  codeSystem="2.16.840.1.113883.2.4.4.9"
                                  codeSystemName="G-Standaard Toedieningswegen (tabel 7)"
                                  displayName="oraal"/>
                  <doseerinstructie>
                     <volgnummer value="1"/>
                     <dosering>
                        <keerdosis>
                           <aantal>
                              <nominale_waarde value="1"/>
                           </aantal>
                           <eenheid code="245"
                                    displayName="stuk"
                                    codeSystem="2.16.840.1.113883.2.4.4.1.900.2"
                                    codeSystemName="G-Standaard thesaurus basiseenheden"/>
                        </keerdosis>
                        <toedieningsschema>
                           <frequentie>
                              <aantal>
                                 <nominale_waarde value="3"/>
                              </aantal>
                              <tijdseenheid value="1" unit="dag"/>
                           </frequentie>
                        </toedieningsschema>
                     </dosering>
                  </doseerinstructie>
               </gebruiksinstructie>
            </medicatieafspraak>
            <verstrekkingsverzoek>
               <identificatie value="MBH_200_QA6_VV"
                              root="2.16.840.1.113883.2.4.3.11.999.77.52711000146108.1"/>
               <verstrekkingsverzoek_datum_tijd value="2021-12-27T08:18:00+01:00" datatype="datetime"/>
               <auteur>
                  <zorgverlener value="urn-uuid-f5753970-dfa2-11ee-1532-020000000000"
                                datatype="reference"/>
               </auteur>
               <te_verstrekken_geneesmiddel>
                  <farmaceutisch_product value="urn-uuid-f5753fce-dfa2-11ee-1532-020000000000"
                                         datatype="reference"/>
               </te_verstrekken_geneesmiddel>
               <te_verstrekken_hoeveelheid>
                  <aantal value="21"/>
                  <eenheid code="245"
                           codeSystem="2.16.840.1.113883.2.4.4.1.900.2"
                           displayName="stuks"/>
               </te_verstrekken_hoeveelheid>
               <beoogd_verstrekker>
                  <zorgaanbieder datatype="reference"
                                 value="urn-uuid-f5753ae2-dfa2-11ee-1532-020000000000"/>
               </beoogd_verstrekker>
               <relatie_medicatieafspraak>
                  <identificatie value="MBH_200_QA6_MA"
                                 root="2.16.840.1.113883.2.4.3.11.999.77.16076005.1"/>
               </relatie_medicatieafspraak>
            </verstrekkingsverzoek>
            <toedieningsafspraak>
               <identificatie value="MBH_200_QA6_TA"
                              root="2.16.840.1.113883.2.4.3.11.999.77.422037009.1"/>
               <toedieningsafspraak_datum_tijd value="2021-12-27T09:18:00+01:00" datatype="datetime"/>
               <gebruiksperiode>
                  <start_datum_tijd value="2021-12-27T00:00:00+01:00" datatype="datetime"/>
                  <eind_datum_tijd value="2022-01-02T23:59:59+01:00" datatype="datetime"/>
               </gebruiksperiode>
               <verstrekker>
                  <zorgaanbieder datatype="reference"
                                 value="urn-uuid-f5753ae2-dfa2-11ee-1532-020000000000"/>
               </verstrekker>
               <geneesmiddel_bij_toedieningsafspraak>
                  <farmaceutisch_product datatype="reference"
                                         value="urn-uuid-f5753fec-dfa2-11ee-1532-020000000000"/>
               </geneesmiddel_bij_toedieningsafspraak>
               <gebruiksinstructie>
                  <omschrijving value="Vanaf 27 dec 2021, tot en met 2 jan 2022, 3 maal per dag 1 stuk, oraal"/>
                  <toedieningsweg code="9"
                                  codeSystem="2.16.840.1.113883.2.4.4.9"
                                  codeSystemName="G-Standaard Toedieningswegen (tabel 7)"
                                  displayName="oraal"/>
                  <doseerinstructie>
                     <volgnummer value="1"/>
                     <dosering>
                        <keerdosis>
                           <aantal>
                              <nominale_waarde value="1"/>
                           </aantal>
                           <eenheid code="245"
                                    displayName="stuk"
                                    codeSystem="2.16.840.1.113883.2.4.4.1.900.2"
                                    codeSystemName="G-Standaard thesaurus basiseenheden"/>
                        </keerdosis>
                        <toedieningsschema>
                           <frequentie>
                              <aantal>
                                 <nominale_waarde value="3"/>
                              </aantal>
                              <tijdseenheid value="1" unit="dag"/>
                           </frequentie>
                        </toedieningsschema>
                     </dosering>
                  </doseerinstructie>
               </gebruiksinstructie>
               <relatie_medicatieafspraak>
                  <identificatie value="MBH_200_QA6_MA"
                                 root="2.16.840.1.113883.2.4.3.11.999.77.16076005.1"/>
               </relatie_medicatieafspraak>
            </toedieningsafspraak>
            <medicatieverstrekking>
               <identificatie value="MBH_200_QA6_MVE"
                              root="2.16.840.1.113883.2.4.3.11.999.77.373784005.1"/>
               <medicatieverstrekkings_datum_tijd datatype="datetime" value="2021-12-27T09:18:00+01:00"/>
               <verstrekker>
                  <zorgaanbieder datatype="reference"
                                 value="urn-uuid-f5753ae2-dfa2-11ee-1532-020000000000"/>
               </verstrekker>
               <verstrekte_hoeveelheid>
                  <aantal value="21"/>
                  <eenheid code="245"
                           codeSystem="2.16.840.1.113883.2.4.4.1.900.2"
                           displayName="stuks"/>
               </verstrekte_hoeveelheid>
               <verstrekt_geneesmiddel>
                  <farmaceutisch_product value="urn-uuid-f5753fec-dfa2-11ee-1532-020000000000"
                                         datatype="reference"/>
               </verstrekt_geneesmiddel>
               <relatie_verstrekkingsverzoek>
                  <identificatie value="MBH_200_QA6_VV"
                                 root="2.16.840.1.113883.2.4.3.11.999.77.52711000146108.1"/>
               </relatie_verstrekkingsverzoek>
            </medicatieverstrekking>
            <medicatiegebruik>
               <identificatie value="MBH_200_QA6_MGB" root="2.16.840.1.113883.2.4.3.11.999.77.6.1"/>
               <medicatiegebruik_datum_tijd value="2021-12-30T08:59:59+01:00" datatype="datetime"/>
               <gebruik_indicator value="true"/>
               <volgens_afspraak_indicator value="true"/>
               <gebruiksperiode>
                  <start_datum_tijd value="2021-12-27T00:00:00+01:00" datatype="datetime"/>
                  <eind_datum_tijd value="2022-01-02T23:59:59+01:00" datatype="datetime"/>
               </gebruiksperiode>
               <gebruiksproduct>
                  <farmaceutisch_product value="urn-uuid-f5753fce-dfa2-11ee-1532-020000000000"
                                         datatype="reference"/>
               </gebruiksproduct>
               <gebruiksinstructie>
                  <omschrijving value="Vanaf 27 dec 2021, tot en met 2 jan 2022, 3 maal per dag 1 stuk, oraal"/>
                  <toedieningsweg code="9"
                                  codeSystem="2.16.840.1.113883.2.4.4.9"
                                  codeSystemName="G-Standaard Toedieningswegen (tabel 7)"
                                  displayName="oraal"/>
                  <doseerinstructie>
                     <volgnummer value="1"/>
                     <dosering>
                        <keerdosis>
                           <aantal>
                              <nominale_waarde value="1"/>
                           </aantal>
                           <eenheid code="245"
                                    displayName="stuk"
                                    codeSystem="2.16.840.1.113883.2.4.4.1.900.2"
                                    codeSystemName="G-Standaard thesaurus basiseenheden"/>
                        </keerdosis>
                        <toedieningsschema>
                           <frequentie>
                              <aantal>
                                 <nominale_waarde value="3"/>
                              </aantal>
                              <tijdseenheid value="1" unit="dag"/>
                           </frequentie>
                        </toedieningsschema>
                     </dosering>
                  </doseerinstructie>
               </gebruiksinstructie>
               <relatie_medicatieafspraak>
                  <identificatie value="MBH_200_QA6_MA"
                                 root="2.16.840.1.113883.2.4.3.11.999.77.16076005.1"/>
               </relatie_medicatieafspraak>
               <voorschrijver>
                  <zorgverlener value="urn-uuid-f5753970-dfa2-11ee-1532-020000000000"
                                datatype="reference"/>
               </voorschrijver>
               <informant>
                  <informant_is_patient value="true"/>
               </informant>
               <auteur>
                  <auteur_is_zorgverlener>
                     <zorgverlener datatype="reference"
                                   value="urn-uuid-f5753970-dfa2-11ee-1532-020000000000"/>
                  </auteur_is_zorgverlener>
               </auteur>
            </medicatiegebruik>
         </medicamenteuze_behandeling>
         <bouwstenen>
            <farmaceutisch_product id="urn-uuid-f5753ea2-dfa2-11ee-1532-020000000000">
               <product_code code="17469"
                             codeSystem="2.16.840.1.113883.2.4.4.10"
                             codeSystemName="G-Standaard PRK"
                             displayName="IBUPROFEN TABLET 600MG"
                             preferred="true"/>
               <product_code code="42080"
                             codeSystem="2.16.840.1.113883.2.4.4.1"
                             codeSystemName="G-Standaard GPK"
                             displayName="IBUPROFEN TABLET 600MG"/>
            </farmaceutisch_product>
            <farmaceutisch_product id="urn-uuid-f5753ec0-dfa2-11ee-1532-020000000000">
               <product_code code="641898"
                             codeSystem="2.16.840.1.113883.2.4.4.7"
                             codeSystemName="G-Standaard HPK"
                             displayName="IBUPROFEN PCH TABLET 600MG"
                             preferred="true"/>
               <product_code code="17469"
                             codeSystem="2.16.840.1.113883.2.4.4.10"
                             codeSystemName="G-Standaard PRK"
                             displayName="IBUPROFEN TABLET 600MG"/>
               <product_code code="42080"
                             codeSystem="2.16.840.1.113883.2.4.4.1"
                             codeSystemName="G-Standaard GPK"
                             displayName="IBUPROFEN TABLET 600MG"/>
            </farmaceutisch_product>
            <farmaceutisch_product id="urn-uuid-f5753ede-dfa2-11ee-1532-020000000000">
               <product_code code="3379"
                             codeSystem="2.16.840.1.113883.2.4.4.10"
                             codeSystemName="G-Standaard PRK"
                             displayName="SENNOSIDEN A+B STROOP 2MG/ML"
                             preferred="true"/>
               <product_code code="10960"
                             codeSystem="2.16.840.1.113883.2.4.4.1"
                             codeSystemName="G-Standaard GPK"
                             displayName="SENNOSIDEN A+B STROOP 2MG/ML"/>
            </farmaceutisch_product>
            <farmaceutisch_product id="urn-uuid-f5753efc-dfa2-11ee-1532-020000000000">
               <product_code code="101079"
                             codeSystem="2.16.840.1.113883.2.4.4.7"
                             codeSystemName="G-Standaard HPK"
                             displayName="XPRAEP SIROOP 2MG/ML"
                             preferred="true"/>
               <product_code code="3379"
                             codeSystem="2.16.840.1.113883.2.4.4.10"
                             codeSystemName="G-Standaard PRK"
                             displayName="SENNOSIDEN A+B 2MG/ML"/>
               <product_code code="10960"
                             codeSystem="2.16.840.1.113883.2.4.4.1"
                             codeSystemName="G-Standaard GPK"
                             displayName="SENNOSIDEN A+B 2MG/ML"/>
            </farmaceutisch_product>
            <farmaceutisch_product id="urn-uuid-f5753f1a-dfa2-11ee-1532-020000000000">
               <product_code code="88749"
                             codeSystem="2.16.840.1.113883.2.4.4.10"
                             codeSystemName="G-Standaard PRK"
                             displayName="VLOEIBARE VOEDING MET O.A. VITAMINE K"
                             preferred="true"/>
               <product_code code="130575"
                             codeSystem="2.16.840.1.113883.2.4.4.1"
                             codeSystemName="G-Standaard GPK"
                             displayName="VLOEIBARE VOEDING MET O.A. VITAMINE K"/>
            </farmaceutisch_product>
            <farmaceutisch_product id="urn-uuid-f5753f38-dfa2-11ee-1532-020000000000">
               <product_code code="690090"
                             codeSystem="2.16.840.1.113883.2.4.4.7"
                             codeSystemName="G-Standaard HPK"
                             displayName="NUTRIDRINK BANAANSMAAK"
                             preferred="true"/>
               <product_code code="88749"
                             codeSystem="2.16.840.1.113883.2.4.4.10"
                             codeSystemName="G-Standaard PRK"
                             displayName="VLOEIBARE VOEDING MET O.A. VITAMINE K"/>
               <product_code code="130575"
                             codeSystem="2.16.840.1.113883.2.4.4.1"
                             codeSystemName="G-Standaard GPK"
                             displayName="VLOEIBARE VOEDING MET O.A. VITAMINE K"/>
            </farmaceutisch_product>
            <farmaceutisch_product id="urn-uuid-f5753f56-dfa2-11ee-1532-020000000000">
               <product_code code="3956"
                             codeSystem="2.16.840.1.113883.2.4.4.10"
                             codeSystemName="G-Standaard PRK"
                             displayName="ACETYLSALICYLZUUR TABLET 100MG"
                             preferred="true"/>
               <product_code code="12548"
                             codeSystem="2.16.840.1.113883.2.4.4.1"
                             codeSystemName="G-Standaard GPK"
                             displayName="ACETYLSALICYLZUUR TABLET 100MG"/>
            </farmaceutisch_product>
            <farmaceutisch_product id="urn-uuid-f5753f74-dfa2-11ee-1532-020000000000">
               <product_code code="202681"
                             codeSystem="2.16.840.1.113883.2.4.4.7"
                             codeSystemName="G-Standaard HPK"
                             displayName="ASPIRINE TABLET 100MG"
                             preferred="true"/>
               <product_code code="3956"
                             codeSystem="2.16.840.1.113883.2.4.4.10"
                             codeSystemName="G-Standaard PRK"
                             displayName="ACETYLSALICYLZUUR TABLET 100MG"/>
               <product_code code="12548"
                             codeSystem="2.16.840.1.113883.2.4.4.1"
                             codeSystemName="G-Standaard GPK"
                             displayName="ACETYLSALICYLZUUR TABLET 100MG"/>
            </farmaceutisch_product>
            <farmaceutisch_product id="urn-uuid-f5753f92-dfa2-11ee-1532-020000000000">
               <product_code code="67903"
                             codeSystem="2.16.840.1.113883.2.4.4.10"
                             codeSystemName="G-Standaard PRK"
                             displayName="PARACETAMOL 500MG TABLET"
                             preferred="true"/>
               <product_code code="2194"
                             codeSystem="2.16.840.1.113883.2.4.4.1"
                             codeSystemName="G-Standaard GPK"
                             displayName="PARACETAMOL 500MG TABLET"/>
            </farmaceutisch_product>
            <farmaceutisch_product id="urn-uuid-f5753fb0-dfa2-11ee-1532-020000000000">
               <product_code code="665800"
                             codeSystem="2.16.840.1.113883.2.4.4.7"
                             codeSystemName="G-Standaard HPK"
                             displayName="PARACETAMOL SANDOZ TABLET 500MG"
                             preferred="true"/>
               <product_code code="67903"
                             codeSystem="2.16.840.1.113883.2.4.4.10"
                             codeSystemName="G-Standaard PRK"
                             displayName="PARACETAMOL 500MG TABLET"/>
               <product_code code="2194"
                             codeSystem="2.16.840.1.113883.2.4.4.1"
                             codeSystemName="G-Standaard GPK"
                             displayName="PARACETAMOL 500MG TABLET"/>
            </farmaceutisch_product>
            <farmaceutisch_product id="urn-uuid-f5753fce-dfa2-11ee-1532-020000000000">
               <product_code code="353"
                             codeSystem="2.16.840.1.113883.2.4.4.10"
                             codeSystemName="G-Standaard PRK"
                             displayName="OXAZEPAM TABLET 10MG"
                             preferred="true"/>
               <product_code code="1023"
                             codeSystem="2.16.840.1.113883.2.4.4.1"
                             codeSystemName="G-Standaard GPK"
                             displayName="OXAZEPAM TABLET 10MG"/>
            </farmaceutisch_product>
            <farmaceutisch_product id="urn-uuid-f5753fec-dfa2-11ee-1532-020000000000">
               <product_code code="613401"
                             codeSystem="2.16.840.1.113883.2.4.4.7"
                             codeSystemName="G-Standaard HPK"
                             displayName="OXAZEPAM ACTAVIS TABLET 10MG"
                             preferred="true"/>
               <product_code code="353"
                             codeSystem="2.16.840.1.113883.2.4.4.10"
                             codeSystemName="G-Standaard PRK"
                             displayName="OXAZEPAM TABLET 10MG"/>
               <product_code code="1023"
                             codeSystem="2.16.840.1.113883.2.4.4.1"
                             codeSystemName="G-Standaard GPK"
                             displayName="OXAZEPAM TABLET 10MG"/>
            </farmaceutisch_product>
            <zorgverlener id="urn-uuid-f5753970-dfa2-11ee-1532-020000000000">
               <zorgverlener_identificatienummer value="000001111" root="2.16.528.1.1007.3.1"/>
               <naamgegevens>
                  <ongestructureerde_naam value="Peter van Pulver"/>
                  <voornamen value="Peter"/>
                  <geslachtsnaam>
                     <voorvoegsels value="van"/>
                     <achternaam value="Pulver"/>
                  </geslachtsnaam>
               </naamgegevens>
               <specialisme code="0100"
                            codeSystem="2.16.840.1.113883.2.4.6.7"
                            codeSystemName="Vektis AGB-medische specialismen"
                            codeSystemVersion="2020-10-23T00:00:00"
                            displayName="Huisartsen, niet nader gespecificeerd"/>
               <zorgaanbieder>
                  <zorgaanbieder datatype="reference"
                                 value="urn-uuid-f5753a2e-dfa2-11ee-1532-020000000000"/>
               </zorgaanbieder>
            </zorgverlener>
            <zorgverlener id="urn-uuid-f57539c0-dfa2-11ee-1532-020000000000">
               <zorgverlener_identificatienummer value="000001111" root="2.16.528.1.1007.3.1"/>
               <naamgegevens>
                  <ongestructureerde_naam value="Peter van Pulver"/>
                  <voornamen value="Peter"/>
                  <geslachtsnaam>
                     <voorvoegsels value="van"/>
                     <achternaam value="Pulver"/>
                  </geslachtsnaam>
               </naamgegevens>
               <specialisme code="0100"
                            codeSystem="2.16.840.1.113883.2.4.6.7"
                            codeSystemName="Vektis AGB-medische specialismen"
                            codeSystemVersion="2020-10-23T00:00:00"
                            displayName="Huisartsen, niet nader gespecificeerd"/>
               <zorgaanbieder>
                  <zorgaanbieder datatype="reference"
                                 value="urn-uuid-f5753a88-dfa2-11ee-1532-020000000000"/>
               </zorgaanbieder>
            </zorgverlener>
            <zorgaanbieder id="urn-uuid-f5753a2e-dfa2-11ee-1532-020000000000">
               <zorgaanbieder_identificatienummer value="00001111" root="2.16.528.1.1007.3.3"/>
               <organisatie_naam value="Huisartsenpraktijk Pulver &amp; Partners"/>
               <adresgegevens>
                  <straat value="Dorpsstraat"/>
                  <huisnummer value="1"/>
                  <postcode value="1234 AA"/>
                  <woonplaats value="Ons Dorp"/>
                  <adres_soort code="WP"
                               codeSystem="2.16.840.1.113883.5.1119"
                               displayName="Werkadres"/>
               </adresgegevens>
            </zorgaanbieder>
            <zorgaanbieder id="urn-uuid-f5753ae2-dfa2-11ee-1532-020000000000">
               <zorgaanbieder_identificatienummer value="01236578" root="2.16.528.1.1007.3.3"/>
               <organisatie_naam value="Apotheek De Gulle Gaper"/>
            </zorgaanbieder>
            <zorgaanbieder id="urn-uuid-f5753a88-dfa2-11ee-1532-020000000000">
               <zorgaanbieder_identificatienummer value="00001111" root="2.16.528.1.1007.3.3"/>
               <organisatie_naam value="Huisartsenpraktijk Pulver &amp; Partners met de Gaper"/>
               <adresgegevens>
                  <straat value="Dorpsstraat"/>
                  <huisnummer value="1"/>
                  <postcode value="1234 AA"/>
                  <woonplaats value="Ons Dorp"/>
                  <adres_soort code="WP"
                               codeSystem="2.16.840.1.113883.5.1119"
                               displayName="Werkadres"/>
               </adresgegevens>
            </zorgaanbieder>
         </bouwstenen>
      </beschikbaarstellen_medicatiegegevens>
   </data>
</adaxml>
