<?xml version="1.0" encoding="UTF-8"?>
<Composition xmlns="http://hl7.org/fhir">
   <id value="test-generateDisplay"/>
   <status value="final"/>
   <type>
      <coding>
         <system value="http://loinc.org"/>
         <code value="11503-0"/>
         <display value="Medical records"/>
      </coding>
   </type>
   <date value="2021-08-17T11:51:21+02:00"/>
   <author>
      <reference value="Patient/nl-core-Patient-01"/>
      <type value="Patient"/>
      <display value="Patient, Johanna Petronella Maria J.P.M. Jo van Putten van der Giessen"/>
   </author>
   <title value="Test all _generateDisplay templates"/>
   <section>
      <entry>
         <reference value="MedicationDispense/nl-core-AdministrationAgreement-01"/>
         <type value="MedicationDispense"/>
         <display value="Administration agreement (2012-05-02T12:14:09)"/>
      </entry>
   </section>
   <section>
      <entry>
         <reference value="MedicationDispense/nl-core-AdministrationAgreement-02"/>
         <type value="MedicationDispense"/>
         <display value="Administration agreement (2015-09-10T09:16:31)"/>
      </entry>
   </section>
   <section>
      <entry>
         <reference value="MedicationDispense/nl-core-AdministrationAgreement-03"/>
         <type value="MedicationDispense"/>
         <display value="Administration agreement (2014-09-19T07:12:59)"/>
      </entry>
   </section>
   <section>
      <entry>
         <reference value="MedicationDispense/nl-core-AdministrationAgreement-04"/>
         <type value="MedicationDispense"/>
         <display value="Administration agreement (2013-08-30T08:41:43)"/>
      </entry>
   </section>
   <section>
      <entry>
         <reference value="Observation/nl-core-BloodPressure-01"/>
         <type value="Observation"/>
         <display value="Blood pressure observation, measurement date 2013-02-08T06:43:00, Mw. is zwanger"/>
      </entry>
   </section>
   <section>
      <entry>
         <reference value="Observation/nl-core-BodyHeight-01"/>
         <type value="Observation"/>
         <display value="Body height observation, measurement date 2013-02-08T06:43:00, Met schoenen aan"/>
      </entry>
   </section>
   <section>
      <entry>
         <reference value="Observation/nl-core-BodyTemperature-01"/>
         <type value="Observation"/>
         <display value="Body temperature observation, measurement date 2013-02-08T06:43:00+02:00, Voeten voelen heel koud aan"/>
      </entry>
   </section>
   <section>
      <entry>
         <reference value="Observation/nl-core-BodyWeight-01"/>
         <type value="Observation"/>
         <display value="lichaamsgewicht"/>
      </entry>
   </section>
   <section>
      <entry>
         <reference value="CareTeam/nl-core-CareTeam-01"/>
         <type value="CareTeam"/>
         <display value="Care team, Complexe Ouderenzorg"/>
      </entry>
   </section>
   <section>
      <entry>
         <reference value="RelatedPerson/nl-core-ContactPerson-01"/>
         <type value="RelatedPerson"/>
         <display value="Contact person, J.P.M. van Putten van der Giessen"/>
      </entry>
   </section>
   <section>
      <entry>
         <reference value="MedicationRequest/nl-core-DispenseRequest-01"/>
         <type value="MedicationRequest"/>
         <display value="Dispense request, Verpleeghuis De Ronde Vaten"/>
      </entry>
   </section>
   <section>
      <entry>
         <reference value="Encounter/nl-core-Encounter-01"/>
         <type value="Encounter"/>
         <display value="Encounter, type Inpatient, from 2012-08-16, until 2012-08-19"/>
      </entry>
   </section>
   <section>
      <entry>
         <reference value="Procedure/nl-core-FreedomRestrictingIntervention-01"/>
         <type value="Procedure"/>
         <display value="Freedom restricting intervention, type Placing restraint using limb restraint, from 2019-05-01, until 2019-05-05"/>
      </entry>
   </section>
   <section>
      <entry>
         <reference value="Observation/nl-core-HeadCircumference-01"/>
         <type value="Observation"/>
         <display value="Head circumference observation, measurement date , Gemeten bij 3 maanden "/>
      </entry>
   </section>
   <section>
      <entry>
         <reference value="Organization/nl-core-HealthcareProvider-Organization-01"/>
         <type value="Organization"/>
         <display value="Healthcare provider (organization), Erasmus Universitair Medisch Centrum"/>
      </entry>
   </section>
   <section>
      <entry>
         <reference value="Location/nl-core-HealthcareProvider-01"/>
         <type value="Location"/>
         <display value="Healthcare provider (location), Erasmus Universitair Medisch Centrum"/>
      </entry>
   </section>
   <section>
      <entry>
         <reference value="PractitionerRole/nl-core-HealthProfessional-PractitionerRole-01"/>
         <type value="PractitionerRole"/>
         <display value="Healthcare professional (role), J.H.R. Peters, Neuroloog"/>
      </entry>
   </section>
   <section>
      <entry>
         <reference value="Practitioner/nl-core-HealthProfessional-Practitioner-01"/>
         <type value="Practitioner"/>
         <display value="Healthcare professional (person), J.H.R. Peters"/>
      </entry>
   </section>
   <section>
      <entry>
         <reference value="Observation/nl-core-HeartRate-01"/>
         <type value="Observation"/>
         <display value="Medication contraindication"/>
      </entry>
   </section>
   <section>
      <entry>
         <reference value="Condition/nl-core-LegalSituation-LegalStatus-01"/>
         <type value="Condition"/>
         <display value="Legal situation, legal status: Onder toezichtstelling (ots), from 2018-01-01, until 2020-01-01"/>
      </entry>
   </section>
   <section>
      <entry>
         <reference value="Condition/nl-core-LegalSituation-Representation-01"/>
         <type value="Condition"/>
         <display value="Legal situation, representation: Bewindvoering, from 2018-01-01, until 2020-01-01"/>
      </entry>
   </section>
   <section>
      <entry>
         <reference value="MedicationAdministration/nl-core-MedicationAdministration2-01"/>
         <type value="MedicationAdministration"/>
         <display value="Medication use"/>
      </entry>
   </section>
   <section>
      <entry>
         <reference value="MedicationAdministration/nl-core-MedicationAdministration2-02"/>
         <type value="MedicationAdministration"/>
         <display value="Medication use"/>
      </entry>
   </section>
   <section>
      <entry>
         <reference value="MedicationAdministration/nl-core-MedicationAdministration2-03"/>
         <type value="MedicationAdministration"/>
         <display value="Medication use"/>
      </entry>
   </section>
   <section>
      <entry>
         <reference value="MedicationRequest/nl-core-MedicationAgreement-01"/>
         <type value="MedicationRequest"/>
         <display value="2016-09-08T18:00:00"/>
      </entry>
   </section>
   <section>
      <entry>
         <reference value="MedicationRequest/nl-core-MedicationAgreement-02"/>
         <type value="MedicationRequest"/>
         <display value="2016-03-06T09:12:30"/>
      </entry>
   </section>
   <section>
      <entry>
         <reference value="Flag/nl-core-MedicationContraIndication-01"/>
         <type value="Flag"/>
         <display value="Zwangerschap"/>
      </entry>
   </section>
   <section>
      <entry>
         <reference value="MedicationDispense/nl-core-MedicationDispense-01"/>
         <type value="MedicationDispense"/>
         <display value="Medication dispense"/>
      </entry>
   </section>
   <section>
      <entry>
         <reference value="MedicationDispense/nl-core-MedicationDispense-02"/>
         <type value="MedicationDispense"/>
         <display value="Medication dispenseZorginstelling De beste zorg"/>
      </entry>
   </section>
   <section>
      <entry>
         <reference value="MedicationDispense/nl-core-MedicationDispense-03"/>
         <type value="MedicationDispense"/>
         <display value="Medication dispense"/>
      </entry>
   </section>
   <section>
      <entry>
         <reference value="MedicationDispense/nl-core-MedicationDispense-04"/>
         <type value="MedicationDispense"/>
         <display value="Medication dispense"/>
      </entry>
   </section>
   <section>
      <entry>
         <reference value="MedicationStatement/nl-core-MedicationUse2-01"/>
         <type value="MedicationStatement"/>
         <display value="Paracetamol"/>
      </entry>
   </section>
   <section>
      <entry>
         <reference value="MedicationStatement/nl-core-MedicationUse2-02"/>
         <type value="MedicationStatement"/>
         <display value="medicatie_gebruik"/>
      </entry>
   </section>
   <section>
      <entry>
         <reference value="MedicationStatement/nl-core-MedicationUse2-03"/>
         <type value="MedicationStatement"/>
         <display value="medicatie_gebruik"/>
      </entry>
   </section>
   <section>
      <entry>
         <reference value="Observation/nl-core-O2Saturation-01"/>
         <type value="Observation"/>
         <display value="O2 saturation observation, measurement date 2013-02-08T06:43:00+02:00, Stijgt snel bij aanspreken "/>
      </entry>
   </section>
   <section>
      <entry>
         <reference value="Patient/nl-core-Patient-01"/>
         <type value="Patient"/>
         <display value="Patient, Johanna Petronella Maria J.P.M. Jo van Putten van der Giessen"/>
      </entry>
   </section>
   <section>
      <entry>
         <reference value="Medication/nl-core-PharmaceuticalProduct-01"/>
         <type value="Medication"/>
         <display value="LISINOPRIL 10MG TABLET"/>
      </entry>
   </section>
   <section>
      <entry>
         <reference value="Condition/nl-core-Problem-01"/>
         <type value="Condition"/>
         <display value="Problem, type: Klacht"/>
      </entry>
   </section>
   <section>
      <entry>
         <reference value="Procedure/nl-core-Procedure-01"/>
         <type value="Procedure"/>
         <display value="Procedure, type: implantatie van totale knieprothese, method: chirurgische handeling"/>
      </entry>
   </section>
   <section>
      <entry>
         <reference value="Observation/nl-core-Refraction-01"/>
         <type value="Observation"/>
         <display value="Refraction observation, measurement date 2020-01-01"/>
      </entry>
   </section>
   <section>
      <entry>
         <reference value="Composition/nl-core-SOAPReport-01"/>
         <type value="Composition"/>
         <display value="SOAP report, date 2019-07-21"/>
      </entry>
   </section>
   <section>
      <entry>
         <reference value="DiagnosticReport/nl-core-TextResult-01"/>
         <type value="DiagnosticReport"/>
         <display value="tekst_uitslag"/>
      </entry>
   </section>
   <section>
      <entry>
         <reference value="Observation/nl-core-VisualAcuity-01"/>
         <type value="Observation"/>
         <display value="Visual acuity observation, measurement date 2020-02-08"/>
      </entry>
   </section>
</Composition>
